[debug] [2023-07-12T01:10:16.277Z] ----------------------------------------------------------------------
[debug] [2023-07-12T01:10:16.279Z] Command:       /usr/local/bin/node /usr/local/bin/firebase emulators:start --only auth
[debug] [2023-07-12T01:10:16.279Z] CLI Version:   12.4.3
[debug] [2023-07-12T01:10:16.280Z] Platform:      darwin
[debug] [2023-07-12T01:10:16.280Z] Node Version:  v19.9.0
[debug] [2023-07-12T01:10:16.280Z] Time:          Tue Jul 11 2023 20:10:16 GMT-0500 (Central Daylight Time)
[debug] [2023-07-12T01:10:16.280Z] ----------------------------------------------------------------------
[debug] 
[debug] [2023-07-12T01:10:16.393Z] > command requires scopes: ["email","openid","https://www.googleapis.com/auth/cloudplatformprojects.readonly","https://www.googleapis.com/auth/firebase","https://www.googleapis.com/auth/cloud-platform"]
[debug] [2023-07-12T01:10:16.393Z] > authorizing via signed-in user (pranavsai142@gmail.com)
[info] i  emulators: Starting emulators: auth {"metadata":{"emulator":{"name":"hub"},"message":"Starting emulators: auth"}}
[debug] [2023-07-12T01:10:18.250Z] [logging] Logging Emulator only supports listening on one address (127.0.0.1). Not listening on ::1
[debug] [2023-07-12T01:10:18.250Z] [auth] Authentication Emulator only supports listening on one address (127.0.0.1). Not listening on ::1
[debug] [2023-07-12T01:10:18.250Z] assigned listening specs for emulators {"user":{"hub":[{"address":"127.0.0.1","family":"IPv4","port":4400},{"address":"::1","family":"IPv6","port":4400}],"ui":[{"address":"127.0.0.1","family":"IPv4","port":9001},{"address":"::1","family":"IPv6","port":9001}],"logging":[{"address":"127.0.0.1","family":"IPv4","port":4500}],"auth":[{"address":"127.0.0.1","family":"IPv4","port":9099}]},"metadata":{"message":"assigned listening specs for emulators"}}
[debug] [2023-07-12T01:10:18.256Z] [hub] writing locator at /var/folders/67/t6jwnkkn1tb0dpy6h2xnxskh0000gn/T/hub-theinternetparty-5b902.json
[info] i  ui: downloading ui-v1.11.7.zip... {"metadata":{"emulator":{"name":"ui"},"message":"downloading ui-v1.11.7.zip..."}}
[debug] [2023-07-12T01:10:23.456Z] >>> [apiv2][query] GET https://storage.googleapis.com/firebase-preview-drop/emulator/ui-v1.11.7.zip 
[debug] [2023-07-12T01:10:23.591Z] <<< [apiv2][status] GET https://storage.googleapis.com/firebase-preview-drop/emulator/ui-v1.11.7.zip 200
[debug] [2023-07-12T01:10:23.591Z] <<< [apiv2][body] GET https://storage.googleapis.com/firebase-preview-drop/emulator/ui-v1.11.7.zip [stream]
[debug] [2023-07-12T01:10:24.392Z] Data is 3064105
[debug] [2023-07-12T01:10:24.392Z] [unzip] Entry: client/ (compressed_size=0 bytes, uncompressed_size=0 bytes)
[debug] [2023-07-12T01:10:24.392Z] [unzip] Processing entry: client/
[debug] [2023-07-12T01:10:24.392Z] [unzip] mkdir: /Users/pranav/.cache/firebase/emulators/ui-v1.11.7/client/
[debug] [2023-07-12T01:10:24.396Z] [unzip] Entry: client/favicon.ico (compressed_size=2497 bytes, uncompressed_size=7406 bytes)
[debug] [2023-07-12T01:10:24.396Z] [unzip] Processing entry: client/favicon.ico
[debug] [2023-07-12T01:10:24.396Z] [unzip] else mkdir: /Users/pranav/.cache/firebase/emulators/ui-v1.11.7/client
[debug] [2023-07-12T01:10:24.397Z] [unzip] deflating: /Users/pranav/.cache/firebase/emulators/ui-v1.11.7/client/favicon.ico
[debug] [2023-07-12T01:10:24.400Z] [unzip] Entry: client/apple-touch-icon.png (compressed_size=7231 bytes, uncompressed_size=7367 bytes)
[debug] [2023-07-12T01:10:24.400Z] [unzip] Processing entry: client/apple-touch-icon.png
[debug] [2023-07-12T01:10:24.400Z] [unzip] else mkdir: /Users/pranav/.cache/firebase/emulators/ui-v1.11.7/client
[debug] [2023-07-12T01:10:24.400Z] [unzip] deflating: /Users/pranav/.cache/firebase/emulators/ui-v1.11.7/client/apple-touch-icon.png
[debug] [2023-07-12T01:10:24.401Z] [unzip] Entry: client/android-chrome-512x512.png (compressed_size=16987 bytes, uncompressed_size=18186 bytes)
[debug] [2023-07-12T01:10:24.401Z] [unzip] Processing entry: client/android-chrome-512x512.png
[debug] [2023-07-12T01:10:24.401Z] [unzip] else mkdir: /Users/pranav/.cache/firebase/emulators/ui-v1.11.7/client
[debug] [2023-07-12T01:10:24.401Z] [unzip] deflating: /Users/pranav/.cache/firebase/emulators/ui-v1.11.7/client/android-chrome-512x512.png
[debug] [2023-07-12T01:10:24.402Z] [unzip] Entry: client/assets/ (compressed_size=0 bytes, uncompressed_size=0 bytes)
[debug] [2023-07-12T01:10:24.402Z] [unzip] Processing entry: client/assets/
[debug] [2023-07-12T01:10:24.402Z] [unzip] mkdir: /Users/pranav/.cache/firebase/emulators/ui-v1.11.7/client/assets/
[debug] [2023-07-12T01:10:24.402Z] [unzip] Entry: client/assets/extensions/ (compressed_size=0 bytes, uncompressed_size=0 bytes)
[debug] [2023-07-12T01:10:24.402Z] [unzip] Processing entry: client/assets/extensions/
[debug] [2023-07-12T01:10:24.402Z] [unzip] mkdir: /Users/pranav/.cache/firebase/emulators/ui-v1.11.7/client/assets/extensions/
[debug] [2023-07-12T01:10:24.403Z] [unzip] Entry: client/assets/extensions/default-extension.png (compressed_size=1646 bytes, uncompressed_size=1657 bytes)
[debug] [2023-07-12T01:10:24.403Z] [unzip] Processing entry: client/assets/extensions/default-extension.png
[debug] [2023-07-12T01:10:24.403Z] [unzip] else mkdir: /Users/pranav/.cache/firebase/emulators/ui-v1.11.7/client/assets/extensions
[debug] [2023-07-12T01:10:24.403Z] [unzip] deflating: /Users/pranav/.cache/firebase/emulators/ui-v1.11.7/client/assets/extensions/default-extension.png
[debug] [2023-07-12T01:10:24.403Z] [unzip] Entry: client/assets/index.58ca09f7.css (compressed_size=37601 bytes, uncompressed_size=321252 bytes)
[debug] [2023-07-12T01:10:24.403Z] [unzip] Processing entry: client/assets/index.58ca09f7.css
[debug] [2023-07-12T01:10:24.404Z] [unzip] else mkdir: /Users/pranav/.cache/firebase/emulators/ui-v1.11.7/client/assets
[debug] [2023-07-12T01:10:24.404Z] [unzip] deflating: /Users/pranav/.cache/firebase/emulators/ui-v1.11.7/client/assets/index.58ca09f7.css
[debug] [2023-07-12T01:10:24.405Z] [unzip] Entry: client/assets/index.c2583d42.js (compressed_size=526232 bytes, uncompressed_size=1860152 bytes)
[debug] [2023-07-12T01:10:24.405Z] [unzip] Processing entry: client/assets/index.c2583d42.js
[debug] [2023-07-12T01:10:24.405Z] [unzip] else mkdir: /Users/pranav/.cache/firebase/emulators/ui-v1.11.7/client/assets
[debug] [2023-07-12T01:10:24.405Z] [unzip] deflating: /Users/pranav/.cache/firebase/emulators/ui-v1.11.7/client/assets/index.c2583d42.js
[debug] [2023-07-12T01:10:24.413Z] [unzip] Entry: client/assets/provider-icons/ (compressed_size=0 bytes, uncompressed_size=0 bytes)
[debug] [2023-07-12T01:10:24.413Z] [unzip] Processing entry: client/assets/provider-icons/
[debug] [2023-07-12T01:10:24.413Z] [unzip] mkdir: /Users/pranav/.cache/firebase/emulators/ui-v1.11.7/client/assets/provider-icons/
[debug] [2023-07-12T01:10:24.413Z] [unzip] Entry: client/assets/provider-icons/auth_service_oidc.svg (compressed_size=414 bytes, uncompressed_size=858 bytes)
[debug] [2023-07-12T01:10:24.413Z] [unzip] Processing entry: client/assets/provider-icons/auth_service_oidc.svg
[debug] [2023-07-12T01:10:24.413Z] [unzip] else mkdir: /Users/pranav/.cache/firebase/emulators/ui-v1.11.7/client/assets/provider-icons
[debug] [2023-07-12T01:10:24.413Z] [unzip] deflating: /Users/pranav/.cache/firebase/emulators/ui-v1.11.7/client/assets/provider-icons/auth_service_oidc.svg
[debug] [2023-07-12T01:10:24.414Z] [unzip] Entry: client/assets/provider-icons/auth_service_yahoo.svg (compressed_size=577 bytes, uncompressed_size=1182 bytes)
[debug] [2023-07-12T01:10:24.414Z] [unzip] Processing entry: client/assets/provider-icons/auth_service_yahoo.svg
[debug] [2023-07-12T01:10:24.414Z] [unzip] else mkdir: /Users/pranav/.cache/firebase/emulators/ui-v1.11.7/client/assets/provider-icons
[debug] [2023-07-12T01:10:24.414Z] [unzip] deflating: /Users/pranav/.cache/firebase/emulators/ui-v1.11.7/client/assets/provider-icons/auth_service_yahoo.svg
[debug] [2023-07-12T01:10:24.414Z] [unzip] Entry: client/assets/provider-icons/auth_service_phone.svg (compressed_size=261 bytes, uncompressed_size=414 bytes)
[debug] [2023-07-12T01:10:24.414Z] [unzip] Processing entry: client/assets/provider-icons/auth_service_phone.svg
[debug] [2023-07-12T01:10:24.414Z] [unzip] else mkdir: /Users/pranav/.cache/firebase/emulators/ui-v1.11.7/client/assets/provider-icons
[debug] [2023-07-12T01:10:24.415Z] [unzip] deflating: /Users/pranav/.cache/firebase/emulators/ui-v1.11.7/client/assets/provider-icons/auth_service_phone.svg
[debug] [2023-07-12T01:10:24.415Z] [unzip] Entry: client/assets/provider-icons/auth_service_saml.svg (compressed_size=575 bytes, uncompressed_size=1226 bytes)
[debug] [2023-07-12T01:10:24.415Z] [unzip] Processing entry: client/assets/provider-icons/auth_service_saml.svg
[debug] [2023-07-12T01:10:24.415Z] [unzip] else mkdir: /Users/pranav/.cache/firebase/emulators/ui-v1.11.7/client/assets/provider-icons
[debug] [2023-07-12T01:10:24.415Z] [unzip] deflating: /Users/pranav/.cache/firebase/emulators/ui-v1.11.7/client/assets/provider-icons/auth_service_saml.svg
[debug] [2023-07-12T01:10:24.416Z] [unzip] Entry: client/assets/provider-icons/auth_service_mslive.svg (compressed_size=203 bytes, uncompressed_size=378 bytes)
[debug] [2023-07-12T01:10:24.416Z] [unzip] Processing entry: client/assets/provider-icons/auth_service_mslive.svg
[debug] [2023-07-12T01:10:24.416Z] [unzip] else mkdir: /Users/pranav/.cache/firebase/emulators/ui-v1.11.7/client/assets/provider-icons
[debug] [2023-07-12T01:10:24.416Z] [unzip] deflating: /Users/pranav/.cache/firebase/emulators/ui-v1.11.7/client/assets/provider-icons/auth_service_mslive.svg
[debug] [2023-07-12T01:10:24.416Z] [unzip] Entry: client/assets/provider-icons/auth_service_facebook.svg (compressed_size=289 bytes, uncompressed_size=457 bytes)
[debug] [2023-07-12T01:10:24.417Z] [unzip] Processing entry: client/assets/provider-icons/auth_service_facebook.svg
[debug] [2023-07-12T01:10:24.417Z] [unzip] else mkdir: /Users/pranav/.cache/firebase/emulators/ui-v1.11.7/client/assets/provider-icons
[debug] [2023-07-12T01:10:24.417Z] [unzip] deflating: /Users/pranav/.cache/firebase/emulators/ui-v1.11.7/client/assets/provider-icons/auth_service_facebook.svg
[debug] [2023-07-12T01:10:24.417Z] [unzip] Entry: client/assets/provider-icons/auth_service_play_games.svg (compressed_size=565 bytes, uncompressed_size=1173 bytes)
[debug] [2023-07-12T01:10:24.417Z] [unzip] Processing entry: client/assets/provider-icons/auth_service_play_games.svg
[debug] [2023-07-12T01:10:24.417Z] [unzip] else mkdir: /Users/pranav/.cache/firebase/emulators/ui-v1.11.7/client/assets/provider-icons
[debug] [2023-07-12T01:10:24.417Z] [unzip] deflating: /Users/pranav/.cache/firebase/emulators/ui-v1.11.7/client/assets/provider-icons/auth_service_play_games.svg
[debug] [2023-07-12T01:10:24.418Z] [unzip] Entry: client/assets/provider-icons/auth_service_github.svg (compressed_size=466 bytes, uncompressed_size=838 bytes)
[debug] [2023-07-12T01:10:24.418Z] [unzip] Processing entry: client/assets/provider-icons/auth_service_github.svg
[debug] [2023-07-12T01:10:24.418Z] [unzip] else mkdir: /Users/pranav/.cache/firebase/emulators/ui-v1.11.7/client/assets/provider-icons
[debug] [2023-07-12T01:10:24.418Z] [unzip] deflating: /Users/pranav/.cache/firebase/emulators/ui-v1.11.7/client/assets/provider-icons/auth_service_github.svg
[debug] [2023-07-12T01:10:24.418Z] [unzip] Entry: client/assets/provider-icons/auth_service_apple.svg (compressed_size=230 bytes, uncompressed_size=334 bytes)
[debug] [2023-07-12T01:10:24.418Z] [unzip] Processing entry: client/assets/provider-icons/auth_service_apple.svg
[debug] [2023-07-12T01:10:24.418Z] [unzip] else mkdir: /Users/pranav/.cache/firebase/emulators/ui-v1.11.7/client/assets/provider-icons
[debug] [2023-07-12T01:10:24.418Z] [unzip] deflating: /Users/pranav/.cache/firebase/emulators/ui-v1.11.7/client/assets/provider-icons/auth_service_apple.svg
[debug] [2023-07-12T01:10:24.419Z] [unzip] Entry: client/assets/provider-icons/auth_service_google.svg (compressed_size=409 bytes, uncompressed_size=720 bytes)
[debug] [2023-07-12T01:10:24.419Z] [unzip] Processing entry: client/assets/provider-icons/auth_service_google.svg
[debug] [2023-07-12T01:10:24.419Z] [unzip] else mkdir: /Users/pranav/.cache/firebase/emulators/ui-v1.11.7/client/assets/provider-icons
[debug] [2023-07-12T01:10:24.419Z] [unzip] deflating: /Users/pranav/.cache/firebase/emulators/ui-v1.11.7/client/assets/provider-icons/auth_service_google.svg
[debug] [2023-07-12T01:10:24.419Z] [unzip] Entry: client/assets/provider-icons/auth_service_email.svg (compressed_size=228 bytes, uncompressed_size=326 bytes)
[debug] [2023-07-12T01:10:24.420Z] [unzip] Processing entry: client/assets/provider-icons/auth_service_email.svg
[debug] [2023-07-12T01:10:24.420Z] [unzip] else mkdir: /Users/pranav/.cache/firebase/emulators/ui-v1.11.7/client/assets/provider-icons
[debug] [2023-07-12T01:10:24.420Z] [unzip] deflating: /Users/pranav/.cache/firebase/emulators/ui-v1.11.7/client/assets/provider-icons/auth_service_email.svg
[debug] [2023-07-12T01:10:24.420Z] [unzip] Entry: client/assets/provider-icons/auth_service_twitter.svg (compressed_size=444 bytes, uncompressed_size=751 bytes)
[debug] [2023-07-12T01:10:24.420Z] [unzip] Processing entry: client/assets/provider-icons/auth_service_twitter.svg
[debug] [2023-07-12T01:10:24.420Z] [unzip] else mkdir: /Users/pranav/.cache/firebase/emulators/ui-v1.11.7/client/assets/provider-icons
[debug] [2023-07-12T01:10:24.420Z] [unzip] deflating: /Users/pranav/.cache/firebase/emulators/ui-v1.11.7/client/assets/provider-icons/auth_service_twitter.svg
[debug] [2023-07-12T01:10:24.421Z] [unzip] Entry: client/assets/provider-icons/auth_service_game_center.svg (compressed_size=991 bytes, uncompressed_size=3921 bytes)
[debug] [2023-07-12T01:10:24.421Z] [unzip] Processing entry: client/assets/provider-icons/auth_service_game_center.svg
[debug] [2023-07-12T01:10:24.421Z] [unzip] else mkdir: /Users/pranav/.cache/firebase/emulators/ui-v1.11.7/client/assets/provider-icons
[debug] [2023-07-12T01:10:24.421Z] [unzip] deflating: /Users/pranav/.cache/firebase/emulators/ui-v1.11.7/client/assets/provider-icons/auth_service_game_center.svg
[debug] [2023-07-12T01:10:24.421Z] [unzip] Entry: client/assets/index.c2583d42.js.map (compressed_size=1778557 bytes, uncompressed_size=7961927 bytes)
[debug] [2023-07-12T01:10:24.421Z] [unzip] Processing entry: client/assets/index.c2583d42.js.map
[debug] [2023-07-12T01:10:24.421Z] [unzip] else mkdir: /Users/pranav/.cache/firebase/emulators/ui-v1.11.7/client/assets
[debug] [2023-07-12T01:10:24.421Z] [unzip] deflating: /Users/pranav/.cache/firebase/emulators/ui-v1.11.7/client/assets/index.c2583d42.js.map
[debug] [2023-07-12T01:10:24.447Z] [unzip] Entry: client/assets/img/ (compressed_size=0 bytes, uncompressed_size=0 bytes)
[debug] [2023-07-12T01:10:24.447Z] [unzip] Processing entry: client/assets/img/
[debug] [2023-07-12T01:10:24.447Z] [unzip] mkdir: /Users/pranav/.cache/firebase/emulators/ui-v1.11.7/client/assets/img/
[debug] [2023-07-12T01:10:24.447Z] [unzip] Entry: client/assets/img/database.png (compressed_size=29449 bytes, uncompressed_size=29988 bytes)
[debug] [2023-07-12T01:10:24.447Z] [unzip] Processing entry: client/assets/img/database.png
[debug] [2023-07-12T01:10:24.447Z] [unzip] else mkdir: /Users/pranav/.cache/firebase/emulators/ui-v1.11.7/client/assets/img
[debug] [2023-07-12T01:10:24.447Z] [unzip] deflating: /Users/pranav/.cache/firebase/emulators/ui-v1.11.7/client/assets/img/database.png
[debug] [2023-07-12T01:10:24.448Z] [unzip] Entry: client/safari-pinned-tab.svg (compressed_size=838 bytes, uncompressed_size=1504 bytes)
[debug] [2023-07-12T01:10:24.448Z] [unzip] Processing entry: client/safari-pinned-tab.svg
[debug] [2023-07-12T01:10:24.448Z] [unzip] else mkdir: /Users/pranav/.cache/firebase/emulators/ui-v1.11.7/client
[debug] [2023-07-12T01:10:24.448Z] [unzip] deflating: /Users/pranav/.cache/firebase/emulators/ui-v1.11.7/client/safari-pinned-tab.svg
[debug] [2023-07-12T01:10:24.449Z] [unzip] Entry: client/mstile-150x150.png (compressed_size=5406 bytes, uncompressed_size=5723 bytes)
[debug] [2023-07-12T01:10:24.449Z] [unzip] Processing entry: client/mstile-150x150.png
[debug] [2023-07-12T01:10:24.449Z] [unzip] else mkdir: /Users/pranav/.cache/firebase/emulators/ui-v1.11.7/client
[debug] [2023-07-12T01:10:24.449Z] [unzip] deflating: /Users/pranav/.cache/firebase/emulators/ui-v1.11.7/client/mstile-150x150.png
[debug] [2023-07-12T01:10:24.449Z] [unzip] Entry: client/browserconfig.xml (compressed_size=491 bytes, uncompressed_size=822 bytes)
[debug] [2023-07-12T01:10:24.449Z] [unzip] Processing entry: client/browserconfig.xml
[debug] [2023-07-12T01:10:24.449Z] [unzip] else mkdir: /Users/pranav/.cache/firebase/emulators/ui-v1.11.7/client
[debug] [2023-07-12T01:10:24.449Z] [unzip] deflating: /Users/pranav/.cache/firebase/emulators/ui-v1.11.7/client/browserconfig.xml
[debug] [2023-07-12T01:10:24.450Z] [unzip] Entry: client/robots.txt (compressed_size=26 bytes, uncompressed_size=26 bytes)
[debug] [2023-07-12T01:10:24.450Z] [unzip] Processing entry: client/robots.txt
[debug] [2023-07-12T01:10:24.450Z] [unzip] else mkdir: /Users/pranav/.cache/firebase/emulators/ui-v1.11.7/client
[debug] [2023-07-12T01:10:24.450Z] [unzip] Writing file: /Users/pranav/.cache/firebase/emulators/ui-v1.11.7/client/robots.txt
[debug] [2023-07-12T01:10:24.450Z] [unzip] Entry: client/index.html (compressed_size=1363 bytes, uncompressed_size=3064 bytes)
[debug] [2023-07-12T01:10:24.450Z] [unzip] Processing entry: client/index.html
[debug] [2023-07-12T01:10:24.450Z] [unzip] else mkdir: /Users/pranav/.cache/firebase/emulators/ui-v1.11.7/client
[debug] [2023-07-12T01:10:24.450Z] [unzip] deflating: /Users/pranav/.cache/firebase/emulators/ui-v1.11.7/client/index.html
[debug] [2023-07-12T01:10:24.451Z] [unzip] Entry: client/favicon-16x16.png (compressed_size=757 bytes, uncompressed_size=777 bytes)
[debug] [2023-07-12T01:10:24.451Z] [unzip] Processing entry: client/favicon-16x16.png
[debug] [2023-07-12T01:10:24.451Z] [unzip] else mkdir: /Users/pranav/.cache/firebase/emulators/ui-v1.11.7/client
[debug] [2023-07-12T01:10:24.451Z] [unzip] deflating: /Users/pranav/.cache/firebase/emulators/ui-v1.11.7/client/favicon-16x16.png
[debug] [2023-07-12T01:10:24.451Z] [unzip] Entry: client/manifest.json (compressed_size=246 bytes, uncompressed_size=551 bytes)
[debug] [2023-07-12T01:10:24.451Z] [unzip] Processing entry: client/manifest.json
[debug] [2023-07-12T01:10:24.452Z] [unzip] else mkdir: /Users/pranav/.cache/firebase/emulators/ui-v1.11.7/client
[debug] [2023-07-12T01:10:24.452Z] [unzip] deflating: /Users/pranav/.cache/firebase/emulators/ui-v1.11.7/client/manifest.json
[debug] [2023-07-12T01:10:24.452Z] [unzip] Entry: client/favicon-32x32.png (compressed_size=1175 bytes, uncompressed_size=1175 bytes)
[debug] [2023-07-12T01:10:24.452Z] [unzip] Processing entry: client/favicon-32x32.png
[debug] [2023-07-12T01:10:24.452Z] [unzip] else mkdir: /Users/pranav/.cache/firebase/emulators/ui-v1.11.7/client
[debug] [2023-07-12T01:10:24.452Z] [unzip] Writing file: /Users/pranav/.cache/firebase/emulators/ui-v1.11.7/client/favicon-32x32.png
[debug] [2023-07-12T01:10:24.452Z] [unzip] Entry: client/android-chrome-192x192.png (compressed_size=7602 bytes, uncompressed_size=7834 bytes)
[debug] [2023-07-12T01:10:24.452Z] [unzip] Processing entry: client/android-chrome-192x192.png
[debug] [2023-07-12T01:10:24.452Z] [unzip] else mkdir: /Users/pranav/.cache/firebase/emulators/ui-v1.11.7/client
[debug] [2023-07-12T01:10:24.453Z] [unzip] deflating: /Users/pranav/.cache/firebase/emulators/ui-v1.11.7/client/android-chrome-192x192.png
[debug] [2023-07-12T01:10:24.453Z] [unzip] Entry: server/ (compressed_size=0 bytes, uncompressed_size=0 bytes)
[debug] [2023-07-12T01:10:24.453Z] [unzip] Processing entry: server/
[debug] [2023-07-12T01:10:24.453Z] [unzip] mkdir: /Users/pranav/.cache/firebase/emulators/ui-v1.11.7/server/
[debug] [2023-07-12T01:10:24.453Z] [unzip] Entry: server/server.js (compressed_size=343746 bytes, uncompressed_size=1346374 bytes)
[debug] [2023-07-12T01:10:24.453Z] [unzip] Processing entry: server/server.js
[debug] [2023-07-12T01:10:24.453Z] [unzip] else mkdir: /Users/pranav/.cache/firebase/emulators/ui-v1.11.7/server
[debug] [2023-07-12T01:10:24.453Z] [unzip] deflating: /Users/pranav/.cache/firebase/emulators/ui-v1.11.7/server/server.js
[debug] [2023-07-12T01:10:24.459Z] [unzip] Entry: server/server.js.map (compressed_size=289157 bytes, uncompressed_size=1325651 bytes)
[debug] [2023-07-12T01:10:24.459Z] [unzip] Processing entry: server/server.js.map
[debug] [2023-07-12T01:10:24.459Z] [unzip] else mkdir: /Users/pranav/.cache/firebase/emulators/ui-v1.11.7/server
[debug] [2023-07-12T01:10:24.459Z] [unzip] deflating: /Users/pranav/.cache/firebase/emulators/ui-v1.11.7/server/server.js.map
[debug] [2023-07-12T01:10:24.465Z] Ignoring unsupported arg: auto_download {"metadata":{"emulator":{"name":"ui"},"message":"Ignoring unsupported arg: auto_download"}}
[debug] [2023-07-12T01:10:24.465Z] Ignoring unsupported arg: port {"metadata":{"emulator":{"name":"ui"},"message":"Ignoring unsupported arg: port"}}
[debug] [2023-07-12T01:10:24.465Z] Starting Emulator UI with command {"binary":"node","args":["/Users/pranav/.cache/firebase/emulators/ui-v1.11.7/server/server.js"],"optionalArgs":[],"joinArgs":false} {"metadata":{"emulator":{"name":"ui"},"message":"Starting Emulator UI with command {\"binary\":\"node\",\"args\":[\"/Users/pranav/.cache/firebase/emulators/ui-v1.11.7/server/server.js\"],\"optionalArgs\":[],\"joinArgs\":false}"}}
[info] i  ui: Emulator UI logging to ui-debug.log {"metadata":{"emulator":{"name":"ui"},"message":"Emulator UI logging to \u001b[1mui-debug.log\u001b[22m"}}
[debug] [2023-07-12T01:10:24.573Z] Web / API server started at 127.0.0.1:9001
 {"metadata":{"emulator":{"name":"ui"},"message":"Web / API server started at 127.0.0.1:9001\n"}}
[debug] [2023-07-12T01:10:24.574Z] Web / API server started at ::1:9001
 {"metadata":{"emulator":{"name":"ui"},"message":"Web / API server started at ::1:9001\n"}}
[info] 
┌─────────────────────────────────────────────────────────────┐
│ ✔  All emulators ready! It is now safe to connect your app. │
│ i  View Emulator UI at http://127.0.0.1:9001/               │
└─────────────────────────────────────────────────────────────┘

┌────────────────┬────────────────┬────────────────────────────┐
│ Emulator       │ Host:Port      │ View in Emulator UI        │
├────────────────┼────────────────┼────────────────────────────┤
│ Authentication │ 127.0.0.1:9099 │ http://127.0.0.1:9001/auth │
└────────────────┴────────────────┴────────────────────────────┘
  Emulator Hub running at 127.0.0.1:4400
  Other reserved ports: 4500

Issues? Report them at https://github.com/firebase/firebase-tools/issues and attach the *-debug.log files.
 
